# JRE version: OpenJDK Runtime Environment (11.0.10) (build 11.0.10+0-b96-7249189)
# Java VM: OpenJDK 64-Bit Server VM (11.0.10+0-b96-7249189, mixed mode, tiered, compressed oops, g1 gc, windows-amd64)
Heap:
 garbage-first heap   total 196608K, used 146050K [0x0000000080000000, 0x0000000100000000)
  region size 1024K, 61 young (62464K), 10 survivors (10240K)
 Metaspace       used 94576K, capacity 96995K, committed 97176K, reserved 1132544K
  class space    used 12231K, capacity 13144K, committed 13208K, reserved 1048576K
GC Heap History (20 events):
Event: 15.883 GC heap before
{Heap before GC invocations=9 (full 0):
 garbage-first heap   total 196608K, used 140467K [0x0000000080000000, 0x0000000100000000)
  region size 1024K, 115 young (117760K), 12 survivors (12288K)
 Metaspace       used 48699K, capacity 50009K, committed 50252K, reserved 1093632K
  class space    used 6191K, capacity 6658K, committed 6732K, reserved 1048576K
}
Event: 15.923 GC heap after
{Heap after GC invocations=10 (full 0):
 garbage-first heap   total 196608K, used 48066K [0x0000000080000000, 0x0000000100000000)
  region size 1024K, 15 young (15360K), 15 survivors (15360K)
 Metaspace       used 48699K, capacity 50009K, committed 50252K, reserved 1093632K
  class space    used 6191K, capacity 6658K, committed 6732K, reserved 1048576K
}
Event: 19.183 GC heap before
{Heap before GC invocations=10 (full 0):
 garbage-first heap   total 196608K, used 114626K [0x0000000080000000, 0x0000000100000000)
  region size 1024K, 81 young (82944K), 15 survivors (15360K)
 Metaspace       used 58676K, capacity 60158K, committed 60236K, reserved 1101824K
  class space    used 7414K, capacity 7968K, committed 8012K, reserved 1048576K
}
Event: 19.219 GC heap after
{Heap after GC invocations=11 (full 0):
 garbage-first heap   total 196608K, used 52538K [0x0000000080000000, 0x0000000100000000)
  region size 1024K, 4 young (4096K), 4 survivors (4096K)
 Metaspace       used 58676K, capacity 60158K, committed 60236K, reserved 1101824K
  class space    used 7414K, capacity 7968K, committed 8012K, reserved 1048576K
}
Event: 21.780 GC heap before
{Heap before GC invocations=12 (full 0):
 garbage-first heap   total 196608K, used 135482K [0x0000000080000000, 0x0000000100000000)
  region size 1024K, 85 young (87040K), 4 survivors (4096K)
 Metaspace       used 65747K, capacity 67288K, committed 67608K, reserved 1107968K
  class space    used 8304K, capacity 8855K, committed 8984K, reserved 1048576K
}
Event: 21.802 GC heap after
{Heap after GC invocations=13 (full 0):
 garbage-first heap   total 196608K, used 57164K [0x0000000080000000, 0x0000000100000000)
  region size 1024K, 9 young (9216K), 9 survivors (9216K)
 Metaspace       used 65747K, capacity 67288K, committed 67608K, reserved 1107968K
  class space    used 8304K, capacity 8855K, committed 8984K, reserved 1048576K
}
Event: 24.215 GC heap before
{Heap before GC invocations=14 (full 0):
 garbage-first heap   total 196608K, used 140108K [0x0000000080000000, 0x0000000100000000)
  region size 1024K, 90 young (92160K), 9 survivors (9216K)
 Metaspace       used 72185K, capacity 73823K, committed 74008K, reserved 1114112K
  class space    used 9280K, capacity 9894K, committed 10008K, reserved 1048576K
}
Event: 24.238 GC heap after
{Heap after GC invocations=15 (full 0):
 garbage-first heap   total 196608K, used 63488K [0x0000000080000000, 0x0000000100000000)
  region size 1024K, 12 young (12288K), 12 survivors (12288K)
 Metaspace       used 72185K, capacity 73823K, committed 74008K, reserved 1114112K
  class space    used 9280K, capacity 9894K, committed 10008K, reserved 1048576K
}
Event: 27.819 GC heap before
{Heap before GC invocations=15 (full 0):
 garbage-first heap   total 196608K, used 146432K [0x0000000080000000, 0x0000000100000000)
  region size 1024K, 93 young (95232K), 12 survivors (12288K)
 Metaspace       used 80419K, capacity 82194K, committed 82328K, reserved 1120256K
  class space    used 10399K, capacity 11057K, committed 11160K, reserved 1048576K
}
Event: 27.846 GC heap after
{Heap after GC invocations=16 (full 0):
 garbage-first heap   total 196608K, used 69373K [0x0000000080000000, 0x0000000100000000)
  region size 1024K, 12 young (12288K), 12 survivors (12288K)
 Metaspace       used 80419K, capacity 82194K, committed 82328K, reserved 1120256K
  class space    used 10399K, capacity 11057K, committed 11160K, reserved 1048576K
}
Event: 30.465 GC heap before
{Heap before GC invocations=16 (full 0):
 garbage-first heap   total 196608K, used 149245K [0x0000000080000000, 0x0000000100000000)
  region size 1024K, 91 young (93184K), 12 survivors (12288K)
 Metaspace       used 82894K, capacity 84984K, committed 85272K, reserved 1122304K
  class space    used 10746K, capacity 11505K, committed 11544K, reserved 1048576K
}
Event: 30.498 GC heap after
{Heap after GC invocations=17 (full 0):
 garbage-first heap   total 196608K, used 76257K [0x0000000080000000, 0x0000000100000000)
  region size 1024K, 12 young (12288K), 12 survivors (12288K)
 Metaspace       used 82894K, capacity 84984K, committed 85272K, reserved 1122304K
  class space    used 10746K, capacity 11505K, committed 11544K, reserved 1048576K
}
Event: 32.936 GC heap before
{Heap before GC invocations=17 (full 0):
 garbage-first heap   total 196608K, used 152033K [0x0000000080000000, 0x0000000100000000)
  region size 1024K, 87 young (89088K), 12 survivors (12288K)
 Metaspace       used 83700K, capacity 85727K, committed 85912K, reserved 1124352K
  class space    used 10814K, capacity 11562K, committed 11672K, reserved 1048576K
}
Event: 32.962 GC heap after
{Heap after GC invocations=18 (full 0):
 garbage-first heap   total 196608K, used 82025K [0x0000000080000000, 0x0000000100000000)
  region size 1024K, 8 young (8192K), 8 survivors (8192K)
 Metaspace       used 83700K, capacity 85727K, committed 85912K, reserved 1124352K
  class space    used 10814K, capacity 11562K, committed 11672K, reserved 1048576K
}
Event: 34.545 GC heap before
{Heap before GC invocations=18 (full 0):
 garbage-first heap   total 196608K, used 153705K [0x0000000080000000, 0x0000000100000000)
  region size 1024K, 79 young (80896K), 8 survivors (8192K)
 Metaspace       used 85843K, capacity 87915K, committed 87960K, reserved 1126400K
  class space    used 11116K, capacity 11892K, committed 11928K, reserved 1048576K
}
Event: 34.562 GC heap after
{Heap after GC invocations=19 (full 0):
 garbage-first heap   total 196608K, used 84992K [0x0000000080000000, 0x0000000100000000)
  region size 1024K, 5 young (5120K), 5 survivors (5120K)
 Metaspace       used 85843K, capacity 87915K, committed 87960K, reserved 1126400K
  class space    used 11116K, capacity 11892K, committed 11928K, reserved 1048576K
}
Event: 37.346 GC heap before
{Heap before GC invocations=19 (full 0):
 garbage-first heap   total 196608K, used 157696K [0x0000000080000000, 0x0000000100000000)
  region size 1024K, 76 young (77824K), 5 survivors (5120K)
 Metaspace       used 90845K, capacity 92956K, committed 93208K, reserved 1130496K
  class space    used 11740K, capacity 12523K, committed 12568K, reserved 1048576K
}
Event: 37.364 GC heap after
{Heap after GC invocations=20 (full 0):
 garbage-first heap   total 196608K, used 88879K [0x0000000080000000, 0x0000000100000000)
  region size 1024K, 9 young (9216K), 9 survivors (9216K)
 Metaspace       used 90845K, capacity 92956K, committed 93208K, reserved 1130496K
  class space    used 11740K, capacity 12523K, committed 12568K, reserved 1048576K
}
Event: 61.780 GC heap before
{Heap before GC invocations=20 (full 0):
 garbage-first heap   total 196608K, used 158511K [0x0000000080000000, 0x0000000100000000)
  region size 1024K, 78 young (79872K), 9 survivors (9216K)
 Metaspace       used 94012K, capacity 96386K, committed 96536K, reserved 1132544K
  class space    used 12148K, capacity 13034K, committed 13080K, reserved 1048576K
}
Event: 61.810 GC heap after
{Heap after GC invocations=21 (full 0):
 garbage-first heap   total 196608K, used 95874K [0x0000000080000000, 0x0000000100000000)
  region size 1024K, 10 young (10240K), 10 survivors (10240K)
 Metaspace       used 94012K, capacity 96386K, committed 96536K, reserved 1132544K
  class space    used 12148K, capacity 13034K, committed 13080K, reserved 1048576K
}

