# JRE version: OpenJDK Runtime Environment (11.0.10) (build 11.0.10+0-b96-7249189)
# Java VM: OpenJDK 64-Bit Server VM (11.0.10+0-b96-7249189, mixed mode, tiered, compressed oops, g1 gc, windows-amd64)
Heap:
 garbage-first heap   total 376832K, used 136518K [0x0000000080000000, 0x0000000100000000)
  region size 1024K, 8 young (8192K), 8 survivors (8192K)
 Metaspace       used 139247K, capacity 143520K, committed 143820K, reserved 1175552K
  class space    used 17020K, capacity 18601K, committed 18688K, reserved 1048576K
GC Heap History (20 events):
Event: 9614.527 GC heap after
{Heap after GC invocations=166 (full 0):
 garbage-first heap   total 243712K, used 118610K [0x0000000080000000, 0x0000000100000000)
  region size 1024K, 1 young (1024K), 1 survivors (1024K)
 Metaspace       used 137595K, capacity 141623K, committed 141644K, reserved 1173504K
  class space    used 16827K, capacity 18303K, committed 18304K, reserved 1048576K
}
Event: 9614.752 GC heap before
{Heap before GC invocations=166 (full 0):
 garbage-first heap   total 243712K, used 128850K [0x0000000080000000, 0x0000000100000000)
  region size 1024K, 11 young (11264K), 1 survivors (1024K)
 Metaspace       used 137649K, capacity 141688K, committed 141900K, reserved 1173504K
  class space    used 16828K, capacity 18303K, committed 18304K, reserved 1048576K
}
Event: 9614.762 GC heap after
{Heap after GC invocations=167 (full 0):
 garbage-first heap   total 243712K, used 112276K [0x0000000080000000, 0x0000000100000000)
  region size 1024K, 1 young (1024K), 1 survivors (1024K)
 Metaspace       used 137649K, capacity 141688K, committed 141900K, reserved 1173504K
  class space    used 16828K, capacity 18303K, committed 18304K, reserved 1048576K
}
Event: 9615.958 GC heap before
{Heap before GC invocations=167 (full 0):
 garbage-first heap   total 243712K, used 179860K [0x0000000080000000, 0x0000000100000000)
  region size 1024K, 68 young (69632K), 1 survivors (1024K)
 Metaspace       used 138336K, capacity 142509K, committed 142540K, reserved 1173504K
  class space    used 16905K, capacity 18420K, committed 18432K, reserved 1048576K
}
Event: 9615.968 GC heap after
{Heap after GC invocations=168 (full 0):
 garbage-first heap   total 243712K, used 114040K [0x0000000080000000, 0x0000000100000000)
  region size 1024K, 3 young (3072K), 3 survivors (3072K)
 Metaspace       used 138336K, capacity 142509K, committed 142540K, reserved 1173504K
  class space    used 16905K, capacity 18420K, committed 18432K, reserved 1048576K
}
Event: 9617.006 GC heap before
{Heap before GC invocations=169 (full 0):
 garbage-first heap   total 243712K, used 185720K [0x0000000080000000, 0x0000000100000000)
  region size 1024K, 73 young (74752K), 3 survivors (3072K)
 Metaspace       used 138345K, capacity 142509K, committed 142540K, reserved 1173504K
  class space    used 16905K, capacity 18420K, committed 18432K, reserved 1048576K
}
Event: 9617.021 GC heap after
{Heap after GC invocations=170 (full 0):
 garbage-first heap   total 243712K, used 114048K [0x0000000080000000, 0x0000000100000000)
  region size 1024K, 3 young (3072K), 3 survivors (3072K)
 Metaspace       used 138345K, capacity 142509K, committed 142540K, reserved 1173504K
  class space    used 16905K, capacity 18420K, committed 18432K, reserved 1048576K
}
Event: 9617.091 GC heap before
{Heap before GC invocations=170 (full 0):
 garbage-first heap   total 243712K, used 122240K [0x0000000080000000, 0x0000000100000000)
  region size 1024K, 11 young (11264K), 3 survivors (3072K)
 Metaspace       used 138346K, capacity 142509K, committed 142540K, reserved 1173504K
  class space    used 16905K, capacity 18420K, committed 18432K, reserved 1048576K
}
Event: 9617.105 GC heap after
{Heap after GC invocations=171 (full 0):
 garbage-first heap   total 292864K, used 109816K [0x0000000080000000, 0x0000000100000000)
  region size 1024K, 1 young (1024K), 1 survivors (1024K)
 Metaspace       used 138346K, capacity 142509K, committed 142540K, reserved 1173504K
  class space    used 16905K, capacity 18420K, committed 18432K, reserved 1048576K
}
Event: 9617.711 GC heap before
{Heap before GC invocations=171 (full 0):
 garbage-first heap   total 292864K, used 169208K [0x0000000080000000, 0x0000000100000000)
  region size 1024K, 60 young (61440K), 1 survivors (1024K)
 Metaspace       used 138409K, capacity 142626K, committed 142924K, reserved 1173504K
  class space    used 16916K, capacity 18459K, committed 18560K, reserved 1048576K
}
Event: 9617.719 GC heap after
{Heap after GC invocations=172 (full 0):
 garbage-first heap   total 292864K, used 111377K [0x0000000080000000, 0x0000000100000000)
  region size 1024K, 2 young (2048K), 2 survivors (2048K)
 Metaspace       used 138409K, capacity 142626K, committed 142924K, reserved 1173504K
  class space    used 16916K, capacity 18459K, committed 18560K, reserved 1048576K
}
Event: 9618.560 GC heap before
{Heap before GC invocations=173 (full 0):
 garbage-first heap   total 292864K, used 214801K [0x0000000080000000, 0x0000000100000000)
  region size 1024K, 102 young (104448K), 2 survivors (2048K)
 Metaspace       used 138997K, capacity 143252K, committed 143564K, reserved 1173504K
  class space    used 17014K, capacity 18604K, committed 18688K, reserved 1048576K
}
Event: 9618.576 GC heap after
{Heap after GC invocations=174 (full 0):
 garbage-first heap   total 292864K, used 121250K [0x0000000080000000, 0x0000000100000000)
  region size 1024K, 10 young (10240K), 10 survivors (10240K)
 Metaspace       used 138997K, capacity 143252K, committed 143564K, reserved 1173504K
  class space    used 17014K, capacity 18604K, committed 18688K, reserved 1048576K
}
Event: 9618.602 GC heap before
{Heap before GC invocations=174 (full 0):
 garbage-first heap   total 292864K, used 125346K [0x0000000080000000, 0x0000000100000000)
  region size 1024K, 14 young (14336K), 10 survivors (10240K)
 Metaspace       used 138998K, capacity 143252K, committed 143564K, reserved 1173504K
  class space    used 17014K, capacity 18604K, committed 18688K, reserved 1048576K
}
Event: 9618.613 GC heap after
{Heap after GC invocations=175 (full 0):
 garbage-first heap   total 292864K, used 118674K [0x0000000080000000, 0x0000000100000000)
  region size 1024K, 2 young (2048K), 2 survivors (2048K)
 Metaspace       used 138998K, capacity 143252K, committed 143564K, reserved 1173504K
  class space    used 17014K, capacity 18604K, committed 18688K, reserved 1048576K
}
Event: 9619.099 GC heap before
{Heap before GC invocations=175 (full 0):
 garbage-first heap   total 292864K, used 219026K [0x0000000080000000, 0x0000000100000000)
  region size 1024K, 101 young (103424K), 2 survivors (2048K)
 Metaspace       used 139128K, capacity 143391K, committed 143564K, reserved 1173504K
  class space    used 17021K, capacity 18606K, committed 18688K, reserved 1048576K
}
Event: 9619.140 GC heap after
{Heap after GC invocations=176 (full 0):
 garbage-first heap   total 292864K, used 130271K [0x0000000080000000, 0x0000000100000000)
  region size 1024K, 13 young (13312K), 13 survivors (13312K)
 Metaspace       used 139128K, capacity 143391K, committed 143564K, reserved 1173504K
  class space    used 17021K, capacity 18606K, committed 18688K, reserved 1048576K
}
Event: 9619.942 GC heap before
{Heap before GC invocations=177 (full 0):
 garbage-first heap   total 292864K, used 223455K [0x0000000080000000, 0x0000000100000000)
  region size 1024K, 105 young (107520K), 13 survivors (13312K)
 Metaspace       used 139196K, capacity 143453K, committed 143564K, reserved 1173504K
  class space    used 17020K, capacity 18601K, committed 18688K, reserved 1048576K
}
Event: 9619.967 GC heap after
{Heap after GC invocations=178 (full 0):
 garbage-first heap   total 292864K, used 134483K [0x0000000080000000, 0x0000000100000000)
  region size 1024K, 6 young (6144K), 6 survivors (6144K)
 Metaspace       used 139196K, capacity 143453K, committed 143564K, reserved 1173504K
  class space    used 17020K, capacity 18601K, committed 18688K, reserved 1048576K
}
Event: 9620.518 GC heap before
{Heap before GC invocations=178 (full 0):
 garbage-first heap   total 292864K, used 229715K [0x0000000080000000, 0x0000000100000000)
  region size 1024K, 99 young (101376K), 6 survivors (6144K)
 Metaspace       used 139247K, capacity 143520K, committed 143820K, reserved 1175552K
  class space    used 17020K, capacity 18601K, committed 18688K, reserved 1048576K
}

